2026-01-27 19:31:30 INFO  org.example.controller.LoginController - Enter Employee ID:
2026-01-27 19:31:35 INFO  org.example.controller.LoginController - Enter Password:
2026-01-27 19:31:39 INFO  org.example.Dao.LoginDAO - Login validated for employeeId=1
2026-01-27 19:31:39 INFO  org.example.service.LoginService - Login successful. empId=1, role=EMPLOYEE, managerId=2
2026-01-27 19:31:39 INFO  org.example.controller.LoginController - Login successful
2026-01-27 19:31:39 INFO  org.example.controller.MenuController - ===== EMPLOYEE MENU =====
2026-01-27 19:31:39 INFO  org.example.controller.MenuController - 1. View Profile
2026-01-27 19:31:39 INFO  org.example.controller.MenuController - 2. Update Profile
2026-01-27 19:31:39 INFO  org.example.controller.MenuController - 3. View Holiday Calendar
2026-01-27 19:31:39 INFO  org.example.controller.MenuController - 4. Apply Leave
2026-01-27 19:31:39 INFO  org.example.controller.MenuController - 5. View Leave Status
2026-01-27 19:31:39 INFO  org.example.controller.MenuController - 6. Cancel Pending Leave
2026-01-27 19:31:39 INFO  org.example.controller.MenuController - 7. View Leave Balance
2026-01-27 19:31:39 INFO  org.example.controller.MenuController - 8. View Notifications
2026-01-27 19:31:39 INFO  org.example.controller.MenuController - 9. Create Performance Review
2026-01-27 19:31:39 INFO  org.example.controller.MenuController - 10. View My Performance Reviews
2026-01-27 19:31:39 INFO  org.example.controller.MenuController - 11. Add Goal to Performance Review
2026-01-27 19:31:39 INFO  org.example.controller.MenuController - 12. View Manager Feedback
2026-01-27 19:31:39 INFO  org.example.controller.MenuController - 13. Employee Directory
2026-01-27 19:31:39 INFO  org.example.controller.MenuController - 14. Logout
2026-01-27 20:06:40 INFO  org.example.controller.LoginController - Enter Employee ID:
2026-01-27 20:06:45 INFO  org.example.controller.LoginController - Enter Password:
2026-01-27 20:27:54 INFO  org.example.controller.LoginController - Enter Employee ID:
2026-01-27 20:27:56 INFO  org.example.controller.LoginController - Enter Password:
2026-01-27 20:28:00 INFO  org.example.Dao.LoginDAO - Login validated for employeeId=1
2026-01-27 20:28:00 INFO  org.example.service.LoginService - Login successful. empId=1, role=EMPLOYEE, managerId=2
2026-01-27 20:28:00 INFO  org.example.controller.LoginController - Login successful
2026-01-27 20:28:00 INFO  org.example.controller.MenuController - ===== EMPLOYEE MENU =====
2026-01-27 20:28:00 INFO  org.example.controller.MenuController - 1. View Profile
2026-01-27 20:28:00 INFO  org.example.controller.MenuController - 2. Update Profile
2026-01-27 20:28:00 INFO  org.example.controller.MenuController - 3. View Holiday Calendar
2026-01-27 20:28:00 INFO  org.example.controller.MenuController - 4. Apply Leave
2026-01-27 20:28:00 INFO  org.example.controller.MenuController - 5. View Leave Status
2026-01-27 20:28:00 INFO  org.example.controller.MenuController - 6. Cancel Pending Leave
2026-01-27 20:28:00 INFO  org.example.controller.MenuController - 7. View Leave Balance
2026-01-27 20:28:00 INFO  org.example.controller.MenuController - 8. View Notifications
2026-01-27 20:28:00 INFO  org.example.controller.MenuController - 9. Create Performance Review
2026-01-27 20:28:00 INFO  org.example.controller.MenuController - 10. View My Performance Reviews
2026-01-27 20:28:00 INFO  org.example.controller.MenuController - 11. Add Goal to Performance Review
2026-01-27 20:28:00 INFO  org.example.controller.MenuController - 12. View Manager Feedback
2026-01-27 20:28:00 INFO  org.example.controller.MenuController - 13. Employee Directory
2026-01-27 20:28:00 INFO  org.example.controller.MenuController - 14. Logout
2026-01-27 20:28:07 INFO  org.example.Dao.EmployeeDAO - Employee fetched for employeeId=1
2026-01-27 20:28:07 INFO  org.example.controller.EmployeeController - ===== EMPLOYEE PROFILE =====
2026-01-27 20:28:07 INFO  org.example.controller.EmployeeController - Employee ID : 1
2026-01-27 20:28:07 INFO  org.example.controller.EmployeeController - Name        : Ravi Kumar
2026-01-27 20:28:07 INFO  org.example.controller.EmployeeController - Email       : ravi.kumar@test.com
2026-01-27 20:28:07 INFO  org.example.controller.EmployeeController - Phone       : 7777777777
2026-01-27 20:28:07 INFO  org.example.controller.EmployeeController - Status      : ACTIVE
2026-01-27 20:28:07 INFO  org.example.controller.EmployeeController - Department  : 
2026-01-27 20:28:07 INFO  org.example.controller.EmployeeController - Designation : Software Engineer
2026-01-27 20:28:07 INFO  org.example.controller.MenuController - ===== EMPLOYEE MENU =====
2026-01-27 20:28:07 INFO  org.example.controller.MenuController - 1. View Profile
2026-01-27 20:28:07 INFO  org.example.controller.MenuController - 2. Update Profile
2026-01-27 20:28:07 INFO  org.example.controller.MenuController - 3. View Holiday Calendar
2026-01-27 20:28:07 INFO  org.example.controller.MenuController - 4. Apply Leave
2026-01-27 20:28:07 INFO  org.example.controller.MenuController - 5. View Leave Status
2026-01-27 20:28:07 INFO  org.example.controller.MenuController - 6. Cancel Pending Leave
2026-01-27 20:28:07 INFO  org.example.controller.MenuController - 7. View Leave Balance
2026-01-27 20:28:07 INFO  org.example.controller.MenuController - 8. View Notifications
2026-01-27 20:28:07 INFO  org.example.controller.MenuController - 9. Create Performance Review
2026-01-27 20:28:07 INFO  org.example.controller.MenuController - 10. View My Performance Reviews
2026-01-27 20:28:07 INFO  org.example.controller.MenuController - 11. Add Goal to Performance Review
2026-01-27 20:28:07 INFO  org.example.controller.MenuController - 12. View Manager Feedback
2026-01-27 20:28:07 INFO  org.example.controller.MenuController - 13. Employee Directory
2026-01-27 20:28:07 INFO  org.example.controller.MenuController - 14. Logout
2026-01-27 20:28:33 INFO  org.example.controller.MenuController - Employee logged out
2026-01-27 20:28:33 INFO  org.example.Main - RevWorkForce Application Ended
2026-01-27 20:28:39 INFO  org.example.controller.LoginController - Enter Employee ID:
2026-01-27 20:28:42 INFO  org.example.controller.LoginController - Enter Password:
2026-01-27 20:28:49 INFO  org.example.Dao.LoginDAO - Login validated for employeeId=3
2026-01-27 20:28:49 INFO  org.example.service.LoginService - Login successful. empId=3, role=ADMIN, managerId=null
2026-01-27 20:28:49 INFO  org.example.controller.LoginController - Login successful
2026-01-27 20:28:49 INFO  org.example.controller.MenuController - ===== ADMIN MENU =====
2026-01-27 20:28:49 INFO  org.example.controller.MenuController - 1. View All Employees
2026-01-27 20:28:49 INFO  org.example.controller.MenuController - 2. Add Employee
2026-01-27 20:28:49 INFO  org.example.controller.MenuController - 3. Assign Manager to Employee
2026-01-27 20:28:49 INFO  org.example.controller.MenuController - 4. Assign Leave Balance to Employee
2026-01-27 20:28:49 INFO  org.example.controller.MenuController - 5. Add Department
2026-01-27 20:28:49 INFO  org.example.controller.MenuController - 6. View Departments
2026-01-27 20:28:49 INFO  org.example.controller.MenuController - 7. Add Designation
2026-01-27 20:28:49 INFO  org.example.controller.MenuController - 8. View Designations
2026-01-27 20:28:49 INFO  org.example.controller.MenuController - 9. Assign Department & Designation to Employee
2026-01-27 20:28:49 INFO  org.example.controller.MenuController - 10. View Audit Logs
2026-01-27 20:28:49 INFO  org.example.controller.MenuController - 11. View Department-wise Leave Report
2026-01-27 20:28:49 INFO  org.example.controller.MenuController - 12. Logout
2026-01-27 21:11:25 INFO  org.example.controller.LoginController - Enter Employee ID:
2026-01-27 21:11:33 INFO  org.example.controller.LoginController - Enter Password:
2026-01-27 21:11:39 INFO  org.example.Dao.LoginDAO - Login validated for employeeId=1
2026-01-27 21:11:39 INFO  org.example.service.LoginService - Login successful. empId=1, role=EMPLOYEE, managerId=2
2026-01-27 21:11:39 INFO  org.example.controller.LoginController - Login successful
2026-01-27 21:11:39 INFO  org.example.controller.MenuController - ===== EMPLOYEE MENU =====
2026-01-27 21:11:39 INFO  org.example.controller.MenuController - 1. View Profile
2026-01-27 21:11:39 INFO  org.example.controller.MenuController - 2. Update Profile
2026-01-27 21:11:39 INFO  org.example.controller.MenuController - 3. View Holiday Calendar
2026-01-27 21:11:39 INFO  org.example.controller.MenuController - 4. Apply Leave
2026-01-27 21:11:39 INFO  org.example.controller.MenuController - 5. View Leave Status
2026-01-27 21:11:39 INFO  org.example.controller.MenuController - 6. Cancel Pending Leave
2026-01-27 21:11:39 INFO  org.example.controller.MenuController - 7. View Leave Balance
2026-01-27 21:11:39 INFO  org.example.controller.MenuController - 8. View Notifications
2026-01-27 21:11:39 INFO  org.example.controller.MenuController - 9. Create Performance Review
2026-01-27 21:11:39 INFO  org.example.controller.MenuController - 10. View My Performance Reviews
2026-01-27 21:11:39 INFO  org.example.controller.MenuController - 11. Add Goal to Performance Review
2026-01-27 21:11:39 INFO  org.example.controller.MenuController - 12. View Manager Feedback
2026-01-27 21:11:39 INFO  org.example.controller.MenuController - 13. Employee Directory
2026-01-27 21:11:39 INFO  org.example.controller.MenuController - 14. Logout
2026-01-27 22:28:28 INFO  org.example.controller.LoginController - Enter Employee ID:
2026-01-27 22:37:44 INFO  org.example.controller.LoginController - Enter Employee ID:
2026-01-27 22:38:13 INFO  org.example.controller.LoginController - Enter Password:
2026-01-27 22:38:22 WARN  org.example.Dao.LoginDAO - Invalid login for employeeId=2
2026-01-27 22:38:22 WARN  org.example.service.LoginService - Login failed for employeeId=2
2026-01-27 22:38:22 WARN  org.example.controller.LoginController - Login failed
2026-01-27 22:38:22 WARN  org.example.Main - Application exiting due to failed login
2026-01-27 22:38:31 INFO  org.example.controller.LoginController - Enter Employee ID:
2026-01-27 22:49:37 INFO  org.example.controller.LoginController - Enter Employee ID:
2026-01-27 22:49:50 INFO  org.example.controller.LoginController - Enter Password:
2026-01-27 22:49:55 WARN  org.example.Dao.LoginDAO - Invalid login for employeeId=1
2026-01-27 22:49:55 WARN  org.example.service.LoginService - Login failed for employeeId=1
2026-01-27 22:49:55 WARN  org.example.controller.LoginController - Login failed
2026-01-27 22:49:55 WARN  org.example.Main - Application exiting due to failed login
2026-01-27 22:50:03 INFO  org.example.controller.LoginController - Enter Employee ID:
2026-01-27 23:01:44 INFO  org.example.controller.LoginController - Enter Password:
2026-01-27 23:01:47 INFO  org.example.Dao.LoginDAO - Login validated for employeeId=1
2026-01-27 23:01:47 INFO  org.example.service.LoginService - Login successful. empId=1, role=EMPLOYEE, managerId=2
2026-01-27 23:01:47 INFO  org.example.controller.LoginController - Login successful
2026-01-27 23:01:47 INFO  org.example.controller.MenuController - ===== EMPLOYEE MENU =====
2026-01-27 23:01:47 INFO  org.example.controller.MenuController - 1. View Profile
2026-01-27 23:01:47 INFO  org.example.controller.MenuController - 2. Update Profile
2026-01-27 23:01:47 INFO  org.example.controller.MenuController - 3. Change Password
2026-01-27 23:01:47 INFO  org.example.controller.MenuController - 4. View Holiday Calendar
2026-01-27 23:01:47 INFO  org.example.controller.MenuController - 5. Apply Leave
2026-01-27 23:01:47 INFO  org.example.controller.MenuController - 6. View Leave Status
2026-01-27 23:01:47 INFO  org.example.controller.MenuController - 7. Cancel Pending Leave
2026-01-27 23:01:47 INFO  org.example.controller.MenuController - 8. View Leave Balance
2026-01-27 23:01:47 INFO  org.example.controller.MenuController - 9. View Notifications
2026-01-27 23:01:47 INFO  org.example.controller.MenuController - 10. Create Performance Review
2026-01-27 23:01:47 INFO  org.example.controller.MenuController - 11. View My Performance Reviews
2026-01-27 23:01:47 INFO  org.example.controller.MenuController - 12. Add Goal to Performance Review
2026-01-27 23:01:47 INFO  org.example.controller.MenuController - 13. View Manager Feedback
2026-01-27 23:01:47 INFO  org.example.controller.MenuController - 14. Employee Directory
2026-01-27 23:01:47 INFO  org.example.controller.MenuController - 15. Logout
2026-01-27 23:02:14 INFO  org.example.controller.MenuController - ===== EMPLOYEE MENU =====
2026-01-27 23:02:14 INFO  org.example.controller.MenuController - 1. View Profile
2026-01-27 23:02:14 INFO  org.example.controller.MenuController - 2. Update Profile
2026-01-27 23:02:14 INFO  org.example.controller.MenuController - 3. Change Password
2026-01-27 23:02:14 INFO  org.example.controller.MenuController - 4. View Holiday Calendar
2026-01-27 23:02:14 INFO  org.example.controller.MenuController - 5. Apply Leave
2026-01-27 23:02:14 INFO  org.example.controller.MenuController - 6. View Leave Status
2026-01-27 23:02:14 INFO  org.example.controller.MenuController - 7. Cancel Pending Leave
2026-01-27 23:02:14 INFO  org.example.controller.MenuController - 8. View Leave Balance
2026-01-27 23:02:14 INFO  org.example.controller.MenuController - 9. View Notifications
2026-01-27 23:02:14 INFO  org.example.controller.MenuController - 10. Create Performance Review
2026-01-27 23:02:14 INFO  org.example.controller.MenuController - 11. View My Performance Reviews
2026-01-27 23:02:14 INFO  org.example.controller.MenuController - 12. Add Goal to Performance Review
2026-01-27 23:02:14 INFO  org.example.controller.MenuController - 13. View Manager Feedback
2026-01-27 23:02:14 INFO  org.example.controller.MenuController - 14. Employee Directory
2026-01-27 23:02:14 INFO  org.example.controller.MenuController - 15. Logout
2026-01-27 23:27:51 INFO  org.example.controller.LoginController - Enter Employee ID:
2026-01-27 23:27:54 INFO  org.example.controller.LoginController - Enter Password:
2026-01-27 23:27:58 INFO  org.example.Dao.LoginDAO - Login validated for employeeId=3
2026-01-27 23:27:58 INFO  org.example.service.LoginService - Login successful. empId=3, role=ADMIN, managerId=null
2026-01-27 23:27:58 INFO  org.example.controller.LoginController - Login successful
2026-01-27 23:27:58 INFO  org.example.controller.MenuController - ===== ADMIN MENU =====
2026-01-27 23:27:58 INFO  org.example.controller.MenuController - 1. View All Employees
2026-01-27 23:27:58 INFO  org.example.controller.MenuController - 2. Add Employee
2026-01-27 23:27:58 INFO  org.example.controller.MenuController - 3. Assign Manager to Employee
2026-01-27 23:27:58 INFO  org.example.controller.MenuController - 4. Assign Leave Balance to Employee
2026-01-27 23:27:58 INFO  org.example.controller.MenuController - 5. Add Department
2026-01-27 23:27:58 INFO  org.example.controller.MenuController - 6. View Departments
2026-01-27 23:27:58 INFO  org.example.controller.MenuController - 7. Add Designation
2026-01-27 23:27:58 INFO  org.example.controller.MenuController - 8. View Designations
2026-01-27 23:27:58 INFO  org.example.controller.MenuController - 9. Assign Department & Designation to Employee
2026-01-27 23:27:58 INFO  org.example.controller.MenuController - 10. View Audit Logs
2026-01-27 23:27:58 INFO  org.example.controller.MenuController - 11. View Department-wise Leave Report
2026-01-27 23:27:58 INFO  org.example.controller.MenuController - 12. Logout
2026-01-27 23:28:04 INFO  org.example.Dao.AdminEmployeeDAO - Admin fetched 16 employees
2026-01-27 23:28:04 INFO  org.example.service.AdminEmployeeService - Service returning 16 employees to admin
2026-01-27 23:28:04 INFO  org.example.controller.AdminEmployeeController - ===== ALL EMPLOYEES =====
2026-01-27 23:28:04 INFO  org.example.controller.AdminEmployeeController - ID=1 | Name=Ravi Kumar | Email=ravi.kumar@test.com | Status=ACTIVE | RoleId=1
2026-01-27 23:28:04 INFO  org.example.controller.AdminEmployeeController - ID=2 | Name=Manager One | Email=manager@test.com | Status=ACTIVE | RoleId=2
2026-01-27 23:28:04 INFO  org.example.controller.AdminEmployeeController - ID=3 | Name=Admin User | Email=admin@company.com | Status=ACTIVE | RoleId=3
2026-01-27 23:28:04 INFO  org.example.controller.AdminEmployeeController - ID=4 | Name=Ravi Kumar | Email=ravi@company.com | Status=ACTIVE | RoleId=1
2026-01-27 23:28:04 INFO  org.example.controller.AdminEmployeeController - ID=5 | Name=maha lakshmi | Email=maha@gmail.com | Status=ACTIVE | RoleId=1
2026-01-27 23:28:04 INFO  org.example.controller.AdminEmployeeController - ID=8 | Name=raju pasumarthi | Email=raju@example.com | Status=ACTIVE | RoleId=1
2026-01-27 23:28:04 INFO  org.example.controller.AdminEmployeeController - ID=9 | Name=ratna pasumarthi | Email=ratna@example.com | Status=ACTIVE | RoleId=1
2026-01-27 23:28:04 INFO  org.example.controller.AdminEmployeeController - ID=10 | Name=pavani para | Email=pavani@gmail.com | Status=ACTIVE | RoleId=1
2026-01-27 23:28:04 INFO  org.example.controller.AdminEmployeeController - ID=11 | Name=divya bharathi | Email=divya@g,ail.com | Status=ACTIVE | RoleId=1
2026-01-27 23:28:04 INFO  org.example.controller.AdminEmployeeController - ID=12 | Name=prashanth pasumarthi | Email=prashanth@gmail.com | Status=ACTIVE | RoleId=2
2026-01-27 23:28:04 INFO  org.example.controller.AdminEmployeeController - ID=13 | Name=Manjusha Pasumarthi | Email=manjusha@gmail.com | Status=ACTIVE | RoleId=1
2026-01-27 23:28:04 INFO  org.example.controller.AdminEmployeeController - ID=14 | Name=satya kandula | Email=satya@gmail.com | Status=ACTIVE | RoleId=1
2026-01-27 23:28:04 INFO  org.example.controller.AdminEmployeeController - ID=16 | Name=hanuman deva | Email=hanuman@gmail.com | Status=ACTIVE | RoleId=1
2026-01-27 23:28:04 INFO  org.example.controller.AdminEmployeeController - ID=17 | Name=shivaji pasumarthi | Email=shivaji@gmail.com | Status=ACTIVE | RoleId=1
2026-01-27 23:28:04 INFO  org.example.controller.AdminEmployeeController - ID=18 | Name=mallaparaju pasumarthi | Email=mallaparaju@gmail.com | Status=ACTIVE | RoleId=1
2026-01-27 23:28:04 INFO  org.example.controller.AdminEmployeeController - ID=19 | Name=Sita Reddy | Email=sita.reddy@company.com | Status=ACTIVE | RoleId=1
2026-01-27 23:28:04 INFO  org.example.controller.MenuController - ===== ADMIN MENU =====
2026-01-27 23:28:04 INFO  org.example.controller.MenuController - 1. View All Employees
2026-01-27 23:28:04 INFO  org.example.controller.MenuController - 2. Add Employee
2026-01-27 23:28:04 INFO  org.example.controller.MenuController - 3. Assign Manager to Employee
2026-01-27 23:28:04 INFO  org.example.controller.MenuController - 4. Assign Leave Balance to Employee
2026-01-27 23:28:04 INFO  org.example.controller.MenuController - 5. Add Department
2026-01-27 23:28:04 INFO  org.example.controller.MenuController - 6. View Departments
2026-01-27 23:28:04 INFO  org.example.controller.MenuController - 7. Add Designation
2026-01-27 23:28:04 INFO  org.example.controller.MenuController - 8. View Designations
2026-01-27 23:28:04 INFO  org.example.controller.MenuController - 9. Assign Department & Designation to Employee
2026-01-27 23:28:04 INFO  org.example.controller.MenuController - 10. View Audit Logs
2026-01-27 23:28:04 INFO  org.example.controller.MenuController - 11. View Department-wise Leave Report
2026-01-27 23:28:04 INFO  org.example.controller.MenuController - 12. Logout
2026-01-27 23:57:40 INFO  org.example.controller.LoginController - Enter Employee ID:
2026-01-28 00:00:20 WARN  org.example.Dao.LoginDAO - Invalid login for employeeId=1
2026-01-28 00:00:52 INFO  org.example.controller.LoginController - Enter Employee ID:
2026-01-28 00:00:55 INFO  org.example.controller.LoginController - Enter Password:
2026-01-28 00:00:58 WARN  org.example.Dao.LoginDAO - Invalid login for employeeId=1
2026-01-28 00:00:58 WARN  org.example.service.LoginService - Login failed for employeeId=1
2026-01-28 00:00:58 WARN  org.example.controller.LoginController - Login failed
2026-01-28 00:00:58 WARN  org.example.Main - Application exiting due to failed login
2026-01-28 00:02:15 INFO  org.example.controller.LoginController - Enter Employee ID:
2026-01-28 00:02:18 INFO  org.example.controller.LoginController - Enter Password:
2026-01-28 00:02:21 INFO  org.example.Dao.LoginDAO - Login validated for employeeId=1
2026-01-28 00:02:21 INFO  org.example.service.LoginService - Login successful. empId=1, role=EMPLOYEE, managerId=2
2026-01-28 00:02:21 INFO  org.example.controller.LoginController - Login successful
2026-01-28 00:02:21 INFO  org.example.controller.MenuController - ===== EMPLOYEE MENU =====
2026-01-28 00:02:21 INFO  org.example.controller.MenuController - 1. View Profile
2026-01-28 00:02:21 INFO  org.example.controller.MenuController - 2. Update Profile
2026-01-28 00:02:21 INFO  org.example.controller.MenuController - 3. Change Password
2026-01-28 00:02:21 INFO  org.example.controller.MenuController - 4. View Holiday Calendar
2026-01-28 00:02:21 INFO  org.example.controller.MenuController - 5. Apply Leave
2026-01-28 00:02:21 INFO  org.example.controller.MenuController - 6. View Leave Status
2026-01-28 00:02:21 INFO  org.example.controller.MenuController - 7. Cancel Pending Leave
2026-01-28 00:02:21 INFO  org.example.controller.MenuController - 8. View Leave Balance
2026-01-28 00:02:21 INFO  org.example.controller.MenuController - 9. View Notifications
2026-01-28 00:02:21 INFO  org.example.controller.MenuController - 10. Create Performance Review
2026-01-28 00:02:21 INFO  org.example.controller.MenuController - 11. View My Performance Reviews
2026-01-28 00:02:21 INFO  org.example.controller.MenuController - 12. Add Goal to Performance Review
2026-01-28 00:02:21 INFO  org.example.controller.MenuController - 13. View Manager Feedback
2026-01-28 00:02:21 INFO  org.example.controller.MenuController - 14. Employee Directory
2026-01-28 00:02:21 INFO  org.example.controller.MenuController - 15. Logout
2026-01-28 00:03:31 WARN  org.example.Dao.LoginDAO - Invalid login for employeeId=1
2026-01-28 00:03:55 WARN  org.example.Dao.LoginDAO - Invalid login for employeeId=1
2026-01-28 00:11:48 INFO  org.example.Dao.EmployeeDAO - Employee fetched for employeeId=1
2026-01-28 00:15:08 WARN  org.example.Dao.EmployeeDAO - No employee found for employeeId=-999
2026-01-28 00:20:10 WARN  org.example.Dao.RoleDAO - No role found for employeeId=-99999
2026-01-28 00:26:40 INFO  org.example.Dao.LeaveApplicationDAO - Fetched 0 leave records for employeeId=-99999
2026-01-28 00:26:40 INFO  org.example.Dao.LeaveApplicationDAO - Fetched 0 pending leaves for managerId=-99999
2026-01-28 00:26:40 WARN  org.example.Dao.LeaveApplicationDAO - No leave found for leaveAppId=-99999
2026-01-28 00:26:40 WARN  org.example.Dao.LeaveApplicationDAO - Cancel failed (not PENDING or not owned). leaveAppId=-99999, employeeId=-99999
2026-01-28 00:33:39 WARN  org.example.Dao.LeaveBalanceDAO - Leave balance deduction failed. Insufficient balance or record missing. empId=-99999, leaveTypeId=-99999
2026-01-28 00:33:39 WARN  org.example.Dao.LeaveBalanceDAO - No leave balance found for employeeId=-99999, leaveTypeId=-99999
2026-01-28 00:33:39 INFO  org.example.Dao.LeaveBalanceDAO - Fetched 0 leave balance records for employeeId=-99999
2026-01-28 00:40:24 INFO  org.example.Dao.AdminEmployeeDAO - Admin fetched 16 employees
2026-01-28 00:47:08 INFO  org.example.Dao.ManagerPerformanceReviewDAO - Fetched 0 submitted reviews for managerId=-99999
2026-01-28 00:55:37 INFO  org.example.Dao.NotificationDAO - Fetched 0 notifications for employeeId=-99999
2026-01-28 01:00:40 INFO  org.example.Dao.ManagerTeamDAO - Fetched 0 team members for managerId=-99999
2026-01-28 01:18:59 INFO  org.example.controller.LoginController - Enter Employee ID:
2026-01-28 01:19:02 INFO  org.example.controller.LoginController - Enter Password:
2026-01-28 01:19:06 INFO  org.example.Dao.LoginDAO - Login validated for employeeId=1
2026-01-28 01:19:06 INFO  org.example.service.LoginService - Login successful. empId=1, role=EMPLOYEE, managerId=2
2026-01-28 01:19:06 INFO  org.example.controller.LoginController - Login successful
2026-01-28 01:19:07 INFO  org.example.controller.MenuController - ===== EMPLOYEE MENU =====
2026-01-28 01:19:07 INFO  org.example.controller.MenuController - 1. View Profile
2026-01-28 01:19:07 INFO  org.example.controller.MenuController - 2. Update Profile
2026-01-28 01:19:07 INFO  org.example.controller.MenuController - 3. Change Password
2026-01-28 01:19:07 INFO  org.example.controller.MenuController - 4. View Holiday Calendar
2026-01-28 01:19:07 INFO  org.example.controller.MenuController - 5. Apply Leave
2026-01-28 01:19:07 INFO  org.example.controller.MenuController - 6. View Leave Status
2026-01-28 01:19:07 INFO  org.example.controller.MenuController - 7. Cancel Pending Leave
2026-01-28 01:19:07 INFO  org.example.controller.MenuController - 8. View Leave Balance
2026-01-28 01:19:07 INFO  org.example.controller.MenuController - 9. View Notifications
2026-01-28 01:19:07 INFO  org.example.controller.MenuController - 10. Create Performance Review
2026-01-28 01:19:07 INFO  org.example.controller.MenuController - 11. View My Performance Reviews
2026-01-28 01:19:07 INFO  org.example.controller.MenuController - 12. Add Goal to Performance Review
2026-01-28 01:19:07 INFO  org.example.controller.MenuController - 13. View Manager Feedback
2026-01-28 01:19:07 INFO  org.example.controller.MenuController - 14. Employee Directory
2026-01-28 01:19:07 INFO  org.example.controller.MenuController - 15. Logout
2026-01-28 01:27:54 INFO  org.example.service.LoginService - Login successful. empId=1, role=EMPLOYEE, managerId=10
2026-01-28 01:27:54 WARN  org.example.service.LoginService - Login failed for employeeId=1
2026-01-28 01:27:54 ERROR org.example.service.LoginService - Login failed: unable to fetch role for employeeId=1
2026-01-28 01:39:59 WARN  org.example.service.EmployeeService - Invalid input for profile update employeeId=1
2026-01-28 01:39:59 WARN  org.example.service.EmployeeService - Invalid input for profile update employeeId=1
2026-01-28 01:45:34 ERROR org.example.service.AdminEmployeeService - Service: Employee created but login failed. employeeId=1
2026-01-28 01:45:34 ERROR org.example.service.AdminEmployeeService - Service: Employee creation failed. email=fail@mail.com
2026-01-28 01:45:34 INFO  org.example.service.AdminEmployeeService - Service returning 2 employees to admin
2026-01-28 01:45:34 INFO  org.example.service.AdminEmployeeService - Service: Employee and login created successfully. employeeId=1
2026-01-28 01:53:02 INFO  org.example.service.LeaveService - Leave applied successfully. employeeId=1, days=3
2026-01-28 01:53:02 WARN  org.example.service.LeaveService - Invalid date range: 2026-02-02 to 2026-01-28
2026-01-28 01:53:02 WARN  org.example.service.LeaveService - No leave balance found for employeeId=1, leaveTypeId=1
2026-01-28 01:53:02 WARN  org.example.service.LeaveService - Insufficient leave balance. Available=1, Required=3
2026-01-28 01:57:52 INFO  org.example.service.LeaveBalanceService - Service returning 2 leave balance records for employeeId=1
2026-01-28 01:57:52 INFO  org.example.service.LeaveBalanceService - Service returning 0 leave balance records for employeeId=2
2026-01-28 02:00:50 INFO  org.example.service.ManagerTeamService - Service: 0 team members fetched for managerId=100
2026-01-28 02:00:50 INFO  org.example.service.ManagerTeamService - Service: 2 team members fetched for managerId=100
2026-01-28 02:08:54 INFO  org.example.service.ManagerPerformanceReviewService - Service: Review completed. reviewId=3
2026-01-28 02:08:54 INFO  org.example.service.ManagerPerformanceReviewService - Service: 0 submitted reviews fetched for managerId=200
2026-01-28 02:08:54 WARN  org.example.service.ManagerPerformanceReviewService - Service: Review failed. reviewId=1
2026-01-28 02:08:54 INFO  org.example.service.ManagerPerformanceReviewService - Service: Review completed. reviewId=1
2026-01-28 02:08:54 INFO  org.example.service.ManagerPerformanceReviewService - Service: 2 submitted reviews fetched for managerId=200
2026-01-28 02:14:34 INFO  org.example.service.AdminAssignManagerService - Service: Manager assigned successfully. employeeId=1, managerId=2
2026-01-28 02:14:34 WARN  org.example.service.AdminAssignManagerService - Invalid manager assignment: employeeId == managerId (10)
2026-01-28 02:14:34 WARN  org.example.service.AdminAssignManagerService - Service: Manager assignment failed. employeeId=1, managerId=2
2026-01-28 02:18:41 WARN  org.example.service.ManagerLeaveService - Leave not found. leaveAppId=2
2026-01-28 02:18:41 ERROR org.example.service.ManagerLeaveService - Leave approved but balance deduction failed. leaveAppId=1
2026-01-28 02:18:41 INFO  org.example.service.ManagerLeaveService - Fetched 2 pending leaves for managerId=300
2026-01-28 02:18:41 INFO  org.example.service.ManagerLeaveService - Leave rejected and notification sent. leaveAppId=2
2026-01-28 02:18:41 WARN  org.example.service.ManagerLeaveService - Leave approval failed. leaveAppId=1
2026-01-28 02:18:41 WARN  org.example.service.ManagerLeaveService - Leave not found. leaveAppId=1
2026-01-28 02:18:41 INFO  org.example.service.ManagerLeaveService - Leave approved, balance updated, notification sent. leaveAppId=1
2026-01-28 02:19:16 INFO  org.example.controller.LoginController - Enter Employee ID:
2026-01-28 02:19:22 INFO  org.example.controller.LoginController - Enter Password:
2026-01-28 02:19:28 WARN  org.example.Dao.LoginDAO - Invalid login for employeeId=1
2026-01-28 02:19:28 WARN  org.example.service.LoginService - Login failed for employeeId=1
2026-01-28 02:19:28 WARN  org.example.controller.LoginController - Login failed
2026-01-28 02:19:28 WARN  org.example.Main - Application exiting due to failed login
2026-01-28 02:19:36 INFO  org.example.controller.LoginController - Enter Employee ID:
2026-01-28 02:19:38 INFO  org.example.controller.LoginController - Enter Password:
2026-01-28 02:19:41 INFO  org.example.Dao.LoginDAO - Login validated for employeeId=1
2026-01-28 02:19:41 INFO  org.example.service.LoginService - Login successful. empId=1, role=EMPLOYEE, managerId=2
2026-01-28 02:19:41 INFO  org.example.controller.LoginController - Login successful
2026-01-28 02:19:41 INFO  org.example.controller.MenuController - ===== EMPLOYEE MENU =====
2026-01-28 02:19:41 INFO  org.example.controller.MenuController - 1. View Profile
2026-01-28 02:19:41 INFO  org.example.controller.MenuController - 2. Update Profile
2026-01-28 02:19:41 INFO  org.example.controller.MenuController - 3. Change Password
2026-01-28 02:19:41 INFO  org.example.controller.MenuController - 4. View Holiday Calendar
2026-01-28 02:19:41 INFO  org.example.controller.MenuController - 5. Apply Leave
2026-01-28 02:19:41 INFO  org.example.controller.MenuController - 6. View Leave Status
2026-01-28 02:19:41 INFO  org.example.controller.MenuController - 7. Cancel Pending Leave
2026-01-28 02:19:41 INFO  org.example.controller.MenuController - 8. View Leave Balance
2026-01-28 02:19:41 INFO  org.example.controller.MenuController - 9. View Notifications
2026-01-28 02:19:41 INFO  org.example.controller.MenuController - 10. Create Performance Review
2026-01-28 02:19:41 INFO  org.example.controller.MenuController - 11. View My Performance Reviews
2026-01-28 02:19:41 INFO  org.example.controller.MenuController - 12. Add Goal to Performance Review
2026-01-28 02:19:41 INFO  org.example.controller.MenuController - 13. View Manager Feedback
2026-01-28 02:19:41 INFO  org.example.controller.MenuController - 14. Employee Directory
2026-01-28 02:19:41 INFO  org.example.controller.MenuController - 15. Logout
2026-01-28 02:20:10 INFO  org.example.controller.MenuController - ===== EMPLOYEE MENU =====
2026-01-28 02:20:10 INFO  org.example.controller.MenuController - 1. View Profile
2026-01-28 02:20:10 INFO  org.example.controller.MenuController - 2. Update Profile
2026-01-28 02:20:10 INFO  org.example.controller.MenuController - 3. Change Password
2026-01-28 02:20:10 INFO  org.example.controller.MenuController - 4. View Holiday Calendar
2026-01-28 02:20:10 INFO  org.example.controller.MenuController - 5. Apply Leave
2026-01-28 02:20:10 INFO  org.example.controller.MenuController - 6. View Leave Status
2026-01-28 02:20:10 INFO  org.example.controller.MenuController - 7. Cancel Pending Leave
2026-01-28 02:20:10 INFO  org.example.controller.MenuController - 8. View Leave Balance
2026-01-28 02:20:10 INFO  org.example.controller.MenuController - 9. View Notifications
2026-01-28 02:20:10 INFO  org.example.controller.MenuController - 10. Create Performance Review
2026-01-28 02:20:10 INFO  org.example.controller.MenuController - 11. View My Performance Reviews
2026-01-28 02:20:10 INFO  org.example.controller.MenuController - 12. Add Goal to Performance Review
2026-01-28 02:20:10 INFO  org.example.controller.MenuController - 13. View Manager Feedback
2026-01-28 02:20:10 INFO  org.example.controller.MenuController - 14. Employee Directory
2026-01-28 02:20:10 INFO  org.example.controller.MenuController - 15. Logout
2026-01-28 02:20:19 INFO  org.example.controller.MenuController - Employee logged out
2026-01-28 02:20:19 INFO  org.example.Main - RevWorkForce Application Ended
2026-01-28 02:20:23 INFO  org.example.controller.LoginController - Enter Employee ID:
2026-01-28 02:20:25 INFO  org.example.controller.LoginController - Enter Password:
2026-01-28 02:20:29 WARN  org.example.Dao.LoginDAO - Invalid login for employeeId=1
2026-01-28 02:20:29 WARN  org.example.service.LoginService - Login failed for employeeId=1
2026-01-28 02:20:29 WARN  org.example.controller.LoginController - Login failed
2026-01-28 02:20:29 WARN  org.example.Main - Application exiting due to failed login
2026-01-28 02:20:36 INFO  org.example.controller.LoginController - Enter Employee ID:
2026-01-28 02:20:38 INFO  org.example.controller.LoginController - Enter Password:
2026-01-28 02:20:42 INFO  org.example.Dao.LoginDAO - Login validated for employeeId=1
2026-01-28 02:20:42 INFO  org.example.service.LoginService - Login successful. empId=1, role=EMPLOYEE, managerId=2
2026-01-28 02:20:42 INFO  org.example.controller.LoginController - Login successful
2026-01-28 02:20:43 INFO  org.example.controller.MenuController - ===== EMPLOYEE MENU =====
2026-01-28 02:20:43 INFO  org.example.controller.MenuController - 1. View Profile
2026-01-28 02:20:43 INFO  org.example.controller.MenuController - 2. Update Profile
2026-01-28 02:20:43 INFO  org.example.controller.MenuController - 3. Change Password
2026-01-28 02:20:43 INFO  org.example.controller.MenuController - 4. View Holiday Calendar
2026-01-28 02:20:43 INFO  org.example.controller.MenuController - 5. Apply Leave
2026-01-28 02:20:43 INFO  org.example.controller.MenuController - 6. View Leave Status
2026-01-28 02:20:43 INFO  org.example.controller.MenuController - 7. Cancel Pending Leave
2026-01-28 02:20:43 INFO  org.example.controller.MenuController - 8. View Leave Balance
2026-01-28 02:20:43 INFO  org.example.controller.MenuController - 9. View Notifications
2026-01-28 02:20:43 INFO  org.example.controller.MenuController - 10. Create Performance Review
2026-01-28 02:20:43 INFO  org.example.controller.MenuController - 11. View My Performance Reviews
2026-01-28 02:20:43 INFO  org.example.controller.MenuController - 12. Add Goal to Performance Review
2026-01-28 02:20:43 INFO  org.example.controller.MenuController - 13. View Manager Feedback
2026-01-28 02:20:43 INFO  org.example.controller.MenuController - 14. Employee Directory
2026-01-28 02:20:43 INFO  org.example.controller.MenuController - 15. Logout
2026-01-28 02:20:48 INFO  org.example.controller.LoginController - Enter Employee ID:
2026-01-28 02:20:51 INFO  org.example.controller.LoginController - Enter Password:
2026-01-28 02:20:55 INFO  org.example.Dao.LoginDAO - Login validated for employeeId=2
2026-01-28 02:20:55 INFO  org.example.service.LoginService - Login successful. empId=2, role=MANAGER, managerId=null
2026-01-28 02:20:55 INFO  org.example.controller.LoginController - Login successful
2026-01-28 02:20:55 INFO  org.example.controller.MenuController - ===== MANAGER MENU =====
2026-01-28 02:20:55 INFO  org.example.controller.MenuController - 1. View My Team
2026-01-28 02:20:55 INFO  org.example.controller.MenuController - 2. View Pending Leave Requests
2026-01-28 02:20:55 INFO  org.example.controller.MenuController - 3. Approve / Reject Leave
2026-01-28 02:20:55 INFO  org.example.controller.MenuController - 4. View Submitted Performance Reviews
2026-01-28 02:20:55 INFO  org.example.controller.MenuController - 5. Review Employee Performance
2026-01-28 02:20:55 INFO  org.example.controller.MenuController - 6. View Team Leave Calendar
2026-01-28 02:20:55 INFO  org.example.controller.MenuController - 7. View Team Performance Summary
2026-01-28 02:20:55 INFO  org.example.controller.MenuController - 8. Logout
2026-01-28 02:21:02 INFO  org.example.controller.LoginController - Enter Employee ID:
2026-01-28 02:21:04 INFO  org.example.controller.LoginController - Enter Employee ID:
2026-01-28 02:21:06 INFO  org.example.controller.LoginController - Enter Password:
2026-01-28 02:21:10 INFO  org.example.Dao.LoginDAO - Login validated for employeeId=3
2026-01-28 02:21:10 INFO  org.example.service.LoginService - Login successful. empId=3, role=ADMIN, managerId=null
2026-01-28 02:21:10 INFO  org.example.controller.LoginController - Login successful
2026-01-28 02:21:11 INFO  org.example.controller.MenuController - ===== ADMIN MENU =====
2026-01-28 02:21:11 INFO  org.example.controller.MenuController - 1. View All Employees
2026-01-28 02:21:11 INFO  org.example.controller.MenuController - 2. Add Employee
2026-01-28 02:21:11 INFO  org.example.controller.MenuController - 3. Assign Manager to Employee
2026-01-28 02:21:11 INFO  org.example.controller.MenuController - 4. Assign Leave Balance to Employee
2026-01-28 02:21:11 INFO  org.example.controller.MenuController - 5. Add Department
2026-01-28 02:21:11 INFO  org.example.controller.MenuController - 6. View Departments
2026-01-28 02:21:11 INFO  org.example.controller.MenuController - 7. Add Designation
2026-01-28 02:21:11 INFO  org.example.controller.MenuController - 8. View Designations
2026-01-28 02:21:11 INFO  org.example.controller.MenuController - 9. Assign Department & Designation to Employee
2026-01-28 02:21:11 INFO  org.example.controller.MenuController - 10. View Audit Logs
2026-01-28 02:21:11 INFO  org.example.controller.MenuController - 11. View Department-wise Leave Report
2026-01-28 02:21:11 INFO  org.example.controller.MenuController - 12. Logout
2026-01-28 02:21:18 INFO  org.example.Dao.AdminDepartmentLeaveReportDAO - DAO: 5 department-wise leave records fetched
2026-01-28 02:21:18 INFO  org.example.service.AdminDepartmentLeaveReportService - Service: 5 department-wise leave records returned
2026-01-28 02:21:18 INFO  org.example.controller.AdminDepartmentLeaveReportController - ===== DEPARTMENT-WISE LEAVE REPORT =====
2026-01-28 02:21:18 INFO  org.example.controller.AdminDepartmentLeaveReportController - Department= | Total Leaves=0 | Approved=0 | Rejected=0 | Pending=0
2026-01-28 02:21:18 INFO  org.example.controller.AdminDepartmentLeaveReportController - Department= | Total Leaves=0 | Approved=0 | Rejected=0 | Pending=0
2026-01-28 02:21:18 INFO  org.example.controller.AdminDepartmentLeaveReportController - Department= | Total Leaves=0 | Approved=0 | Rejected=0 | Pending=0
2026-01-28 02:21:18 INFO  org.example.controller.AdminDepartmentLeaveReportController - Department=IT | Total Leaves=0 | Approved=0 | Rejected=0 | Pending=0
2026-01-28 02:21:18 INFO  org.example.controller.AdminDepartmentLeaveReportController - Department=Python Department | Total Leaves=0 | Approved=0 | Rejected=0 | Pending=0
2026-01-28 02:21:18 INFO  org.example.controller.MenuController - ===== ADMIN MENU =====
2026-01-28 02:21:18 INFO  org.example.controller.MenuController - 1. View All Employees
2026-01-28 02:21:18 INFO  org.example.controller.MenuController - 2. Add Employee
2026-01-28 02:21:18 INFO  org.example.controller.MenuController - 3. Assign Manager to Employee
2026-01-28 02:21:18 INFO  org.example.controller.MenuController - 4. Assign Leave Balance to Employee
2026-01-28 02:21:18 INFO  org.example.controller.MenuController - 5. Add Department
2026-01-28 02:21:18 INFO  org.example.controller.MenuController - 6. View Departments
2026-01-28 02:21:18 INFO  org.example.controller.MenuController - 7. Add Designation
2026-01-28 02:21:18 INFO  org.example.controller.MenuController - 8. View Designations
2026-01-28 02:21:18 INFO  org.example.controller.MenuController - 9. Assign Department & Designation to Employee
2026-01-28 02:21:18 INFO  org.example.controller.MenuController - 10. View Audit Logs
2026-01-28 02:21:18 INFO  org.example.controller.MenuController - 11. View Department-wise Leave Report
2026-01-28 02:21:18 INFO  org.example.controller.MenuController - 12. Logout
2026-01-28 02:24:06 INFO  org.example.controller.LoginController - Enter Employee ID:
2026-01-28 02:24:09 INFO  org.example.controller.LoginController - Enter Password:
2026-01-28 02:24:14 WARN  org.example.Dao.LoginDAO - Invalid login for employeeId=1
2026-01-28 02:24:14 WARN  org.example.service.LoginService - Login failed for employeeId=1
2026-01-28 02:24:14 WARN  org.example.controller.LoginController - Login failed
2026-01-28 02:24:14 WARN  org.example.Main - Application exiting due to failed login
2026-01-28 02:24:19 INFO  org.example.controller.LoginController - Enter Employee ID:
2026-01-28 02:24:21 INFO  org.example.controller.LoginController - Enter Password:
2026-01-28 02:24:25 INFO  org.example.Dao.LoginDAO - Login validated for employeeId=1
2026-01-28 02:24:25 INFO  org.example.service.LoginService - Login successful. empId=1, role=EMPLOYEE, managerId=2
2026-01-28 02:24:25 INFO  org.example.controller.LoginController - Login successful
2026-01-28 02:24:25 INFO  org.example.controller.MenuController - ===== EMPLOYEE MENU =====
2026-01-28 02:24:25 INFO  org.example.controller.MenuController - 1. View Profile
2026-01-28 02:24:25 INFO  org.example.controller.MenuController - 2. Update Profile
2026-01-28 02:24:25 INFO  org.example.controller.MenuController - 3. Change Password
2026-01-28 02:24:25 INFO  org.example.controller.MenuController - 4. View Holiday Calendar
2026-01-28 02:24:25 INFO  org.example.controller.MenuController - 5. Apply Leave
2026-01-28 02:24:25 INFO  org.example.controller.MenuController - 6. View Leave Status
2026-01-28 02:24:25 INFO  org.example.controller.MenuController - 7. Cancel Pending Leave
2026-01-28 02:24:25 INFO  org.example.controller.MenuController - 8. View Leave Balance
2026-01-28 02:24:25 INFO  org.example.controller.MenuController - 9. View Notifications
2026-01-28 02:24:25 INFO  org.example.controller.MenuController - 10. Create Performance Review
2026-01-28 02:24:25 INFO  org.example.controller.MenuController - 11. View My Performance Reviews
2026-01-28 02:24:25 INFO  org.example.controller.MenuController - 12. Add Goal to Performance Review
2026-01-28 02:24:25 INFO  org.example.controller.MenuController - 13. View Manager Feedback
2026-01-28 02:24:25 INFO  org.example.controller.MenuController - 14. Employee Directory
2026-01-28 02:24:25 INFO  org.example.controller.MenuController - 15. Logout
2026-01-28 02:30:40 INFO  org.example.controller.LoginController - Enter Employee ID:
2026-01-28 02:30:45 INFO  org.example.controller.LoginController - Enter Password:
2026-01-28 02:30:50 INFO  org.example.Dao.LoginDAO - Login validated for employeeId=3
2026-01-28 02:30:50 INFO  org.example.service.LoginService - Login successful. empId=3, role=ADMIN, managerId=null
2026-01-28 02:30:50 INFO  org.example.controller.LoginController - Login successful
2026-01-28 02:30:50 INFO  org.example.controller.MenuController - ===== ADMIN MENU =====
2026-01-28 02:30:50 INFO  org.example.controller.MenuController - 1. View All Employees
2026-01-28 02:30:50 INFO  org.example.controller.MenuController - 2. Add Employee
2026-01-28 02:30:50 INFO  org.example.controller.MenuController - 3. Assign Manager to Employee
2026-01-28 02:30:50 INFO  org.example.controller.MenuController - 4. Assign Leave Balance to Employee
2026-01-28 02:30:50 INFO  org.example.controller.MenuController - 5. Add Department
2026-01-28 02:30:50 INFO  org.example.controller.MenuController - 6. View Departments
2026-01-28 02:30:50 INFO  org.example.controller.MenuController - 7. Add Designation
2026-01-28 02:30:50 INFO  org.example.controller.MenuController - 8. View Designations
2026-01-28 02:30:50 INFO  org.example.controller.MenuController - 9. Assign Department & Designation to Employee
2026-01-28 02:30:50 INFO  org.example.controller.MenuController - 10. View Audit Logs
2026-01-28 02:30:50 INFO  org.example.controller.MenuController - 11. View Department-wise Leave Report
2026-01-28 02:30:50 INFO  org.example.controller.MenuController - 12. Logout
2026-01-28 02:33:58 INFO  org.example.controller.AdminEmployeeController - Enter First Name:
2026-01-28 02:34:08 INFO  org.example.controller.AdminEmployeeController - Enter Last Name:
2026-01-28 02:34:12 INFO  org.example.controller.AdminEmployeeController - Enter Email:
2026-01-28 02:34:18 INFO  org.example.controller.AdminEmployeeController - Enter Phone:
2026-01-28 02:34:22 INFO  org.example.controller.AdminEmployeeController - Enter Address:
2026-01-28 02:34:27 INFO  org.example.controller.AdminEmployeeController - Enter Date of Birth (yyyy-mm-dd):
2026-01-28 02:34:35 INFO  org.example.controller.AdminEmployeeController - Enter Salary:
2026-01-28 02:34:39 INFO  org.example.controller.AdminEmployeeController - Enter Role ID (1=EMPLOYEE, 2=MANAGER, 3=ADMIN):
2026-01-28 02:34:47 ERROR org.example.Dao.AdminEmployeeDAO - Error adding employee. email=maha@gmail.com
java.sql.SQLIntegrityConstraintViolationException: Duplicate entry 'maha@gmail.com' for key 'employee.email'
	at com.mysql.cj.jdbc.exceptions.SQLError.createSQLException(SQLError.java:109) ~[mysql-connector-j-9.5.0.jar:9.5.0]
	at com.mysql.cj.jdbc.exceptions.SQLExceptionsMapping.translateException(SQLExceptionsMapping.java:114) ~[mysql-connector-j-9.5.0.jar:9.5.0]
	at com.mysql.cj.jdbc.ClientPreparedStatement.executeInternal(ClientPreparedStatement.java:988) ~[mysql-connector-j-9.5.0.jar:9.5.0]
	at com.mysql.cj.jdbc.ClientPreparedStatement.executeUpdateInternal(ClientPreparedStatement.java:1166) ~[mysql-connector-j-9.5.0.jar:9.5.0]
	at com.mysql.cj.jdbc.ClientPreparedStatement.executeUpdateInternal(ClientPreparedStatement.java:1101) ~[mysql-connector-j-9.5.0.jar:9.5.0]
	at com.mysql.cj.jdbc.ClientPreparedStatement.executeLargeUpdate(ClientPreparedStatement.java:1448) ~[mysql-connector-j-9.5.0.jar:9.5.0]
	at com.mysql.cj.jdbc.ClientPreparedStatement.executeUpdate(ClientPreparedStatement.java:1084) ~[mysql-connector-j-9.5.0.jar:9.5.0]
	at org.example.Dao.AdminEmployeeDAO.addEmployeeAndReturnId(AdminEmployeeDAO.java:99) [classes/:?]
	at org.example.service.AdminEmployeeService.addEmployee(AdminEmployeeService.java:41) [classes/:?]
	at org.example.controller.AdminEmployeeController.addEmployee(AdminEmployeeController.java:82) [classes/:?]
	at org.example.controller.MenuController.showAdminMenu(MenuController.java:163) [classes/:?]
	at org.example.controller.MenuController.showMenu(MenuController.java:24) [classes/:?]
	at org.example.Main.main(Main.java:26) [classes/:?]
2026-01-28 02:35:09 INFO  org.example.controller.LoginController - Enter Employee ID:
2026-01-28 02:35:13 INFO  org.example.controller.LoginController - Enter Password:
2026-01-28 02:35:19 INFO  org.example.Dao.LoginDAO - Login validated for employeeId=3
2026-01-28 02:35:19 INFO  org.example.service.LoginService - Login successful. empId=3, role=ADMIN, managerId=null
2026-01-28 02:35:19 INFO  org.example.controller.LoginController - Login successful
2026-01-28 02:35:19 INFO  org.example.controller.MenuController - ===== ADMIN MENU =====
2026-01-28 02:35:19 INFO  org.example.controller.MenuController - 1. View All Employees
2026-01-28 02:35:19 INFO  org.example.controller.MenuController - 2. Add Employee
2026-01-28 02:35:19 INFO  org.example.controller.MenuController - 3. Assign Manager to Employee
2026-01-28 02:35:19 INFO  org.example.controller.MenuController - 4. Assign Leave Balance to Employee
2026-01-28 02:35:19 INFO  org.example.controller.MenuController - 5. Add Department
2026-01-28 02:35:19 INFO  org.example.controller.MenuController - 6. View Departments
2026-01-28 02:35:19 INFO  org.example.controller.MenuController - 7. Add Designation
2026-01-28 02:35:19 INFO  org.example.controller.MenuController - 8. View Designations
2026-01-28 02:35:19 INFO  org.example.controller.MenuController - 9. Assign Department & Designation to Employee
2026-01-28 02:35:19 INFO  org.example.controller.MenuController - 10. View Audit Logs
2026-01-28 02:35:19 INFO  org.example.controller.MenuController - 11. View Department-wise Leave Report
2026-01-28 02:35:19 INFO  org.example.controller.MenuController - 12. Logout
2026-01-28 02:35:21 INFO  org.example.controller.AdminEmployeeController - Enter First Name:
2026-01-28 02:35:24 INFO  org.example.controller.AdminEmployeeController - Enter Last Name:
2026-01-28 02:35:37 INFO  org.example.controller.AdminEmployeeController - Enter Email:
2026-01-28 02:35:42 INFO  org.example.controller.AdminEmployeeController - Enter Phone:
2026-01-28 02:35:46 INFO  org.example.controller.AdminEmployeeController - Enter Address:
2026-01-28 02:35:56 INFO  org.example.controller.AdminEmployeeController - Enter Date of Birth (yyyy-mm-dd):
2026-01-28 02:36:02 INFO  org.example.controller.AdminEmployeeController - Enter Salary:
2026-01-28 02:36:05 INFO  org.example.controller.AdminEmployeeController - Enter Role ID (1=EMPLOYEE, 2=MANAGER, 3=ADMIN):
2026-01-28 02:36:07 INFO  org.example.Dao.AdminEmployeeDAO - Employee added. employeeId=21, email=evan@gmail.com
2026-01-28 02:36:07 INFO  org.example.Dao.LoginDAO - Login credentials created for employeeId=21
2026-01-28 02:36:07 INFO  org.example.service.AdminEmployeeService - Service: Employee and login created successfully. employeeId=21
2026-01-28 02:36:07 INFO  org.example.controller.AdminEmployeeController - Employee added successfully.
2026-01-28 02:36:07 INFO  org.example.controller.MenuController - ===== ADMIN MENU =====
2026-01-28 02:36:07 INFO  org.example.controller.MenuController - 1. View All Employees
2026-01-28 02:36:07 INFO  org.example.controller.MenuController - 2. Add Employee
2026-01-28 02:36:07 INFO  org.example.controller.MenuController - 3. Assign Manager to Employee
2026-01-28 02:36:07 INFO  org.example.controller.MenuController - 4. Assign Leave Balance to Employee
2026-01-28 02:36:07 INFO  org.example.controller.MenuController - 5. Add Department
2026-01-28 02:36:07 INFO  org.example.controller.MenuController - 6. View Departments
2026-01-28 02:36:07 INFO  org.example.controller.MenuController - 7. Add Designation
2026-01-28 02:36:07 INFO  org.example.controller.MenuController - 8. View Designations
2026-01-28 02:36:07 INFO  org.example.controller.MenuController - 9. Assign Department & Designation to Employee
2026-01-28 02:36:07 INFO  org.example.controller.MenuController - 10. View Audit Logs
2026-01-28 02:36:07 INFO  org.example.controller.MenuController - 11. View Department-wise Leave Report
2026-01-28 02:36:07 INFO  org.example.controller.MenuController - 12. Logout
2026-01-28 02:36:29 INFO  org.example.Dao.AdminEmployeeDAO - Admin fetched 17 employees
2026-01-28 02:36:29 INFO  org.example.service.AdminEmployeeService - Service returning 17 employees to admin
2026-01-28 02:36:29 INFO  org.example.controller.AdminEmployeeController - ===== ALL EMPLOYEES =====
2026-01-28 02:36:29 INFO  org.example.controller.AdminEmployeeController - ID=1 | Name=Ravi Kumar | Email=ravi.kumar@test.com | Status=ACTIVE | RoleId=1
2026-01-28 02:36:29 INFO  org.example.controller.AdminEmployeeController - ID=2 | Name=Manager One | Email=manager@test.com | Status=ACTIVE | RoleId=2
2026-01-28 02:36:29 INFO  org.example.controller.AdminEmployeeController - ID=3 | Name=Admin User | Email=admin@company.com | Status=ACTIVE | RoleId=3
2026-01-28 02:36:29 INFO  org.example.controller.AdminEmployeeController - ID=4 | Name=Ravi Kumar | Email=ravi@company.com | Status=ACTIVE | RoleId=1
2026-01-28 02:36:29 INFO  org.example.controller.AdminEmployeeController - ID=5 | Name=maha lakshmi | Email=maha@gmail.com | Status=ACTIVE | RoleId=1
2026-01-28 02:36:29 INFO  org.example.controller.AdminEmployeeController - ID=8 | Name=raju pasumarthi | Email=raju@example.com | Status=ACTIVE | RoleId=1
2026-01-28 02:36:29 INFO  org.example.controller.AdminEmployeeController - ID=9 | Name=ratna pasumarthi | Email=ratna@example.com | Status=ACTIVE | RoleId=1
2026-01-28 02:36:29 INFO  org.example.controller.AdminEmployeeController - ID=10 | Name=pavani para | Email=pavani@gmail.com | Status=ACTIVE | RoleId=1
2026-01-28 02:36:29 INFO  org.example.controller.AdminEmployeeController - ID=11 | Name=divya bharathi | Email=divya@g,ail.com | Status=ACTIVE | RoleId=1
2026-01-28 02:36:29 INFO  org.example.controller.AdminEmployeeController - ID=12 | Name=prashanth pasumarthi | Email=prashanth@gmail.com | Status=ACTIVE | RoleId=2
2026-01-28 02:36:29 INFO  org.example.controller.AdminEmployeeController - ID=13 | Name=Manjusha Pasumarthi | Email=manjusha@gmail.com | Status=ACTIVE | RoleId=1
2026-01-28 02:36:29 INFO  org.example.controller.AdminEmployeeController - ID=14 | Name=satya kandula | Email=satya@gmail.com | Status=ACTIVE | RoleId=1
2026-01-28 02:36:29 INFO  org.example.controller.AdminEmployeeController - ID=16 | Name=hanuman deva | Email=hanuman@gmail.com | Status=ACTIVE | RoleId=1
2026-01-28 02:36:29 INFO  org.example.controller.AdminEmployeeController - ID=17 | Name=shivaji pasumarthi | Email=shivaji@gmail.com | Status=ACTIVE | RoleId=1
2026-01-28 02:36:29 INFO  org.example.controller.AdminEmployeeController - ID=18 | Name=mallaparaju pasumarthi | Email=mallaparaju@gmail.com | Status=ACTIVE | RoleId=1
2026-01-28 02:36:29 INFO  org.example.controller.AdminEmployeeController - ID=19 | Name=Sita Reddy | Email=sita.reddy@company.com | Status=ACTIVE | RoleId=1
2026-01-28 02:36:29 INFO  org.example.controller.AdminEmployeeController - ID=21 | Name=evan konatala | Email=evan@gmail.com | Status=ACTIVE | RoleId=1
2026-01-28 02:36:29 INFO  org.example.controller.MenuController - ===== ADMIN MENU =====
2026-01-28 02:36:29 INFO  org.example.controller.MenuController - 1. View All Employees
2026-01-28 02:36:29 INFO  org.example.controller.MenuController - 2. Add Employee
2026-01-28 02:36:29 INFO  org.example.controller.MenuController - 3. Assign Manager to Employee
2026-01-28 02:36:29 INFO  org.example.controller.MenuController - 4. Assign Leave Balance to Employee
2026-01-28 02:36:29 INFO  org.example.controller.MenuController - 5. Add Department
2026-01-28 02:36:29 INFO  org.example.controller.MenuController - 6. View Departments
2026-01-28 02:36:29 INFO  org.example.controller.MenuController - 7. Add Designation
2026-01-28 02:36:29 INFO  org.example.controller.MenuController - 8. View Designations
2026-01-28 02:36:29 INFO  org.example.controller.MenuController - 9. Assign Department & Designation to Employee
2026-01-28 02:36:29 INFO  org.example.controller.MenuController - 10. View Audit Logs
2026-01-28 02:36:29 INFO  org.example.controller.MenuController - 11. View Department-wise Leave Report
2026-01-28 02:36:29 INFO  org.example.controller.MenuController - 12. Logout
2026-01-28 02:36:38 INFO  org.example.controller.AdminAssignManagerController - Enter Employee ID:
2026-01-28 02:36:40 INFO  org.example.controller.AdminAssignManagerController - Enter Manager ID:
2026-01-28 02:36:42 INFO  org.example.Dao.AdminAssignManagerDAO - Manager assigned. employeeId=21, managerId=2
2026-01-28 02:36:42 INFO  org.example.service.AdminAssignManagerService - Service: Manager assigned successfully. employeeId=21, managerId=2
2026-01-28 02:36:42 INFO  org.example.controller.AdminAssignManagerController - Manager assigned successfully
2026-01-28 02:36:42 INFO  org.example.controller.MenuController - ===== ADMIN MENU =====
2026-01-28 02:36:42 INFO  org.example.controller.MenuController - 1. View All Employees
2026-01-28 02:36:42 INFO  org.example.controller.MenuController - 2. Add Employee
2026-01-28 02:36:42 INFO  org.example.controller.MenuController - 3. Assign Manager to Employee
2026-01-28 02:36:42 INFO  org.example.controller.MenuController - 4. Assign Leave Balance to Employee
2026-01-28 02:36:42 INFO  org.example.controller.MenuController - 5. Add Department
2026-01-28 02:36:42 INFO  org.example.controller.MenuController - 6. View Departments
2026-01-28 02:36:42 INFO  org.example.controller.MenuController - 7. Add Designation
2026-01-28 02:36:42 INFO  org.example.controller.MenuController - 8. View Designations
2026-01-28 02:36:42 INFO  org.example.controller.MenuController - 9. Assign Department & Designation to Employee
2026-01-28 02:36:42 INFO  org.example.controller.MenuController - 10. View Audit Logs
2026-01-28 02:36:42 INFO  org.example.controller.MenuController - 11. View Department-wise Leave Report
2026-01-28 02:36:42 INFO  org.example.controller.MenuController - 12. Logout
